Arguments: 
  /Users/antonplaton/.nvm/versions/node/v18.15.0/bin/node /Users/antonplaton/.nvm/versions/node/v18.15.0/bin/yarn install

PATH: 
  /Users/antonplaton/.nvm/versions/node/v18.15.0/bin:/Users/antonplaton/.local/bin:/Users/antonplaton/.jenv/shims:/Users/antonplaton/.jenv/bin:/Users/antonplaton/.deno/bin:/Users/antonplaton/.nimble/bin:/Users/antonplaton/Library/pnpm:/usr/local/bin:/usr/bin:/bin:/usr/sbin:/sbin:/Library/Apple/usr/bin:/Users/antonplaton/.cargo/bin:/opt/homebrew/bin:/opt/homebrew/bin:/usr/local/go/bin:/bin

Yarn version: 
  1.22.19

Node version: 
  18.15.0

Platform: 
  darwin arm64

Trace: 
  Error: ENOENT: no such file or directory, copyfile '/Users/antonplaton/Library/Caches/Yarn/v6/npm-glob-parent-6.0.2-6d237d99083950c79290f24c7642a3de9a28f9e3-integrity/node_modules/glob-parent/LICENSE' -> '/Users/antonplaton/Projects/v4i-movi/node_modules/eslint/node_modules/glob-parent/LICENSE'

npm manifest: 
  {
    "name": "v4i-movi",
    "version": "0.0.1",
    "private": true,
    "scripts": {
      "dev": "vite dev",
      "build": "vite build",
      "preview": "vite preview",
      "check": "svelte-kit sync && svelte-check --tsconfig ./jsconfig.json",
      "check:watch": "svelte-kit sync && svelte-check --tsconfig ./jsconfig.json --watch",
      "lint": "eslint ."
    },
    "devDependencies": {
      "@sveltejs/adapter-auto": "^2.0.0",
      "@sveltejs/kit": "^1.5.0",
      "autoprefixer": "^10.4.14",
      "eslint": "^8.28.0",
      "eslint-plugin-svelte": "^2.26.0",
      "postcss": "^8.4.23",
      "sass": "^1.62.1",
      "svelte": "^3.54.0",
      "svelte-check": "^3.0.1",
      "svelte-preprocess": "^5.0.3",
      "tailwindcss": "^3.3.2",
      "typescript": "^5.0.0",
      "vite": "^4.3.0"
    },
    "type": "module"
  }

yarn manifest: 
  No manifest

Lockfile: 
  No lockfile
